Cache sync 1 at Sat Mar  7 17:20:42 UTC 2026
Cache sync 2 at Sat Mar  7 17:20:42 UTC 2026
Cache sync 3 at Sat Mar  7 17:20:42 UTC 2026
Cache sync 4 at Sat Mar  7 17:20:42 UTC 2026
Cache sync 5 at Sat Mar  7 17:20:42 UTC 2026
Cache sync 6 at Sat Mar  7 17:20:42 UTC 2026
Cache sync 7 at Sat Mar  7 17:20:42 UTC 2026
Cache sync 8 at Sat Mar  7 17:20:42 UTC 2026
Cache sync 9 at Sat Mar  7 17:20:42 UTC 2026
Cache sync 10 at Sat Mar  7 17:20:42 UTC 2026
Cache sync 11 at Sat Mar  7 17:20:42 UTC 2026
Cache sync 1 at Sun Mar  8 17:22:07 UTC 2026
Cache sync 2 at Sun Mar  8 17:22:07 UTC 2026
Cache sync 3 at Sun Mar  8 17:22:07 UTC 2026
Cache sync 4 at Sun Mar  8 17:22:07 UTC 2026
Cache sync 5 at Sun Mar  8 17:22:07 UTC 2026
Cache sync 6 at Sun Mar  8 17:22:07 UTC 2026
Cache sync 7 at Sun Mar  8 17:22:08 UTC 2026
Cache sync 8 at Sun Mar  8 17:22:08 UTC 2026
Cache sync 9 at Sun Mar  8 17:22:08 UTC 2026
Cache sync 10 at Sun Mar  8 17:22:08 UTC 2026
Cache sync 11 at Sun Mar  8 17:22:08 UTC 2026
Cache sync 12 at Sun Mar  8 17:22:08 UTC 2026
Cache sync 13 at Sun Mar  8 17:22:08 UTC 2026
Cache sync 14 at Sun Mar  8 17:22:08 UTC 2026
Cache sync 15 at Sun Mar  8 17:22:08 UTC 2026
Cache sync 16 at Sun Mar  8 17:22:08 UTC 2026
Cache sync 17 at Sun Mar  8 17:22:08 UTC 2026
Cache sync 18 at Sun Mar  8 17:22:08 UTC 2026
Cache sync 19 at Sun Mar  8 17:22:08 UTC 2026
Cache sync 20 at Sun Mar  8 17:22:08 UTC 2026
Cache sync 21 at Sun Mar  8 17:22:08 UTC 2026
Cache sync 22 at Sun Mar  8 17:22:08 UTC 2026
Cache sync 23 at Sun Mar  8 17:22:08 UTC 2026
Cache sync 24 at Sun Mar  8 17:22:08 UTC 2026
Cache sync 25 at Sun Mar  8 17:22:08 UTC 2026
Cache sync 26 at Sun Mar  8 17:22:08 UTC 2026
Cache sync 27 at Sun Mar  8 17:22:08 UTC 2026
Cache sync 28 at Sun Mar  8 17:22:08 UTC 2026
Cache sync 29 at Sun Mar  8 17:22:08 UTC 2026
Cache sync 30 at Sun Mar  8 17:22:08 UTC 2026
Cache sync 31 at Sun Mar  8 17:22:08 UTC 2026
Cache sync 32 at Sun Mar  8 17:22:08 UTC 2026
Cache sync 33 at Sun Mar  8 17:22:08 UTC 2026
Cache sync 34 at Sun Mar  8 17:22:08 UTC 2026
Cache sync 35 at Sun Mar  8 17:22:08 UTC 2026
Cache sync 36 at Sun Mar  8 17:22:08 UTC 2026
Cache sync 37 at Sun Mar  8 17:22:08 UTC 2026
Cache sync 38 at Sun Mar  8 17:22:08 UTC 2026
Cache sync 39 at Sun Mar  8 17:22:08 UTC 2026
Cache sync 40 at Sun Mar  8 17:22:08 UTC 2026
Cache sync 41 at Sun Mar  8 17:22:08 UTC 2026
Cache sync 42 at Sun Mar  8 17:22:08 UTC 2026
Cache sync 43 at Sun Mar  8 17:22:08 UTC 2026
Cache sync 44 at Sun Mar  8 17:22:08 UTC 2026
Cache sync 45 at Sun Mar  8 17:22:08 UTC 2026
Cache sync 46 at Sun Mar  8 17:22:08 UTC 2026
Cache sync 47 at Sun Mar  8 17:22:08 UTC 2026
Cache sync 48 at Sun Mar  8 17:22:08 UTC 2026
Cache sync 49 at Sun Mar  8 17:22:08 UTC 2026
Cache sync 50 at Sun Mar  8 17:22:08 UTC 2026
Cache sync 51 at Sun Mar  8 17:22:08 UTC 2026
Cache sync 52 at Sun Mar  8 17:22:08 UTC 2026
Cache sync 53 at Sun Mar  8 17:22:08 UTC 2026
Cache sync 54 at Sun Mar  8 17:22:08 UTC 2026
Cache sync 55 at Sun Mar  8 17:22:08 UTC 2026
Cache sync 56 at Sun Mar  8 17:22:08 UTC 2026
Cache sync 57 at Sun Mar  8 17:22:08 UTC 2026
Cache sync 58 at Sun Mar  8 17:22:08 UTC 2026
Cache sync 59 at Sun Mar  8 17:22:08 UTC 2026
Cache sync 1 at Mon Mar  9 17:46:38 UTC 2026
Cache sync 2 at Mon Mar  9 17:46:38 UTC 2026
Cache sync 3 at Mon Mar  9 17:46:38 UTC 2026
Cache sync 4 at Mon Mar  9 17:46:38 UTC 2026
Cache sync 5 at Mon Mar  9 17:46:38 UTC 2026
Cache sync 6 at Mon Mar  9 17:46:38 UTC 2026
Cache sync 7 at Mon Mar  9 17:46:38 UTC 2026
Cache sync 8 at Mon Mar  9 17:46:38 UTC 2026
Cache sync 9 at Mon Mar  9 17:46:38 UTC 2026
Cache sync 10 at Mon Mar  9 17:46:38 UTC 2026
Cache sync 11 at Mon Mar  9 17:46:38 UTC 2026
Cache sync 12 at Mon Mar  9 17:46:38 UTC 2026
Cache sync 13 at Mon Mar  9 17:46:38 UTC 2026
Cache sync 14 at Mon Mar  9 17:46:38 UTC 2026
Cache sync 15 at Mon Mar  9 17:46:38 UTC 2026
Cache sync 16 at Mon Mar  9 17:46:38 UTC 2026
Cache sync 17 at Mon Mar  9 17:46:38 UTC 2026
Cache sync 18 at Mon Mar  9 17:46:38 UTC 2026
Cache sync 19 at Mon Mar  9 17:46:38 UTC 2026
Cache sync 20 at Mon Mar  9 17:46:38 UTC 2026
Cache sync 21 at Mon Mar  9 17:46:38 UTC 2026
Cache sync 22 at Mon Mar  9 17:46:38 UTC 2026
Cache sync 23 at Mon Mar  9 17:46:38 UTC 2026
Cache sync 24 at Mon Mar  9 17:46:38 UTC 2026
Cache sync 25 at Mon Mar  9 17:46:38 UTC 2026
Cache sync 26 at Mon Mar  9 17:46:38 UTC 2026
Cache sync 27 at Mon Mar  9 17:46:38 UTC 2026
Cache sync 28 at Mon Mar  9 17:46:38 UTC 2026
Cache sync 29 at Mon Mar  9 17:46:38 UTC 2026
Cache sync 30 at Mon Mar  9 17:46:38 UTC 2026
Cache sync 31 at Mon Mar  9 17:46:38 UTC 2026
Cache sync 32 at Mon Mar  9 17:46:38 UTC 2026
Cache sync 33 at Mon Mar  9 17:46:38 UTC 2026
Cache sync 34 at Mon Mar  9 17:46:38 UTC 2026
Cache sync 35 at Mon Mar  9 17:46:38 UTC 2026
Cache sync 36 at Mon Mar  9 17:46:38 UTC 2026
Cache sync 37 at Mon Mar  9 17:46:38 UTC 2026
Cache sync 38 at Mon Mar  9 17:46:38 UTC 2026
Cache sync 39 at Mon Mar  9 17:46:38 UTC 2026
Cache sync 40 at Mon Mar  9 17:46:38 UTC 2026
Cache sync 41 at Mon Mar  9 17:46:38 UTC 2026
Cache sync 1 at Tue Mar 10 17:44:45 UTC 2026
Cache sync 2 at Tue Mar 10 17:44:45 UTC 2026
Cache sync 3 at Tue Mar 10 17:44:45 UTC 2026
Cache sync 4 at Tue Mar 10 17:44:45 UTC 2026
Cache sync 5 at Tue Mar 10 17:44:45 UTC 2026
Cache sync 6 at Tue Mar 10 17:44:45 UTC 2026
Cache sync 7 at Tue Mar 10 17:44:45 UTC 2026
Cache sync 8 at Tue Mar 10 17:44:45 UTC 2026
Cache sync 9 at Tue Mar 10 17:44:45 UTC 2026
Cache sync 10 at Tue Mar 10 17:44:45 UTC 2026
Cache sync 11 at Tue Mar 10 17:44:45 UTC 2026
Cache sync 12 at Tue Mar 10 17:44:45 UTC 2026
Cache sync 13 at Tue Mar 10 17:44:45 UTC 2026
Cache sync 1 at Wed Mar 11 17:48:46 UTC 2026
Cache sync 2 at Wed Mar 11 17:48:46 UTC 2026
Cache sync 3 at Wed Mar 11 17:48:46 UTC 2026
Cache sync 4 at Wed Mar 11 17:48:46 UTC 2026
Cache sync 5 at Wed Mar 11 17:48:46 UTC 2026
Cache sync 6 at Wed Mar 11 17:48:46 UTC 2026
Cache sync 7 at Wed Mar 11 17:48:46 UTC 2026
Cache sync 8 at Wed Mar 11 17:48:46 UTC 2026
Cache sync 9 at Wed Mar 11 17:48:46 UTC 2026
Cache sync 10 at Wed Mar 11 17:48:46 UTC 2026
Cache sync 11 at Wed Mar 11 17:48:46 UTC 2026
Cache sync 12 at Wed Mar 11 17:48:46 UTC 2026
Cache sync 13 at Wed Mar 11 17:48:46 UTC 2026
Cache sync 14 at Wed Mar 11 17:48:46 UTC 2026
Cache sync 15 at Wed Mar 11 17:48:46 UTC 2026
Cache sync 16 at Wed Mar 11 17:48:46 UTC 2026
Cache sync 17 at Wed Mar 11 17:48:46 UTC 2026
Cache sync 18 at Wed Mar 11 17:48:46 UTC 2026
Cache sync 19 at Wed Mar 11 17:48:46 UTC 2026
Cache sync 20 at Wed Mar 11 17:48:46 UTC 2026
Cache sync 21 at Wed Mar 11 17:48:46 UTC 2026
Cache sync 22 at Wed Mar 11 17:48:46 UTC 2026
Cache sync 23 at Wed Mar 11 17:48:47 UTC 2026
Cache sync 24 at Wed Mar 11 17:48:47 UTC 2026
Cache sync 25 at Wed Mar 11 17:48:47 UTC 2026
Cache sync 26 at Wed Mar 11 17:48:47 UTC 2026
Cache sync 27 at Wed Mar 11 17:48:47 UTC 2026
Cache sync 28 at Wed Mar 11 17:48:47 UTC 2026
Cache sync 29 at Wed Mar 11 17:48:47 UTC 2026
Cache sync 30 at Wed Mar 11 17:48:47 UTC 2026
Cache sync 31 at Wed Mar 11 17:48:47 UTC 2026
Cache sync 32 at Wed Mar 11 17:48:47 UTC 2026
Cache sync 33 at Wed Mar 11 17:48:47 UTC 2026
Cache sync 34 at Wed Mar 11 17:48:47 UTC 2026
Cache sync 35 at Wed Mar 11 17:48:47 UTC 2026
Cache sync 36 at Wed Mar 11 17:48:47 UTC 2026
Cache sync 37 at Wed Mar 11 17:48:47 UTC 2026
Cache sync 38 at Wed Mar 11 17:48:47 UTC 2026
Cache sync 39 at Wed Mar 11 17:48:47 UTC 2026
Cache sync 40 at Wed Mar 11 17:48:47 UTC 2026
Cache sync 41 at Wed Mar 11 17:48:47 UTC 2026
Cache sync 42 at Wed Mar 11 17:48:47 UTC 2026
Cache sync 43 at Wed Mar 11 17:48:47 UTC 2026
Cache sync 44 at Wed Mar 11 17:48:47 UTC 2026
Cache sync 45 at Wed Mar 11 17:48:47 UTC 2026
Cache sync 46 at Wed Mar 11 17:48:47 UTC 2026
Cache sync 47 at Wed Mar 11 17:48:47 UTC 2026
